<?xml version="1.0" encoding="UTF-8"?>
<!-- Generated by org.testng.reporters.JUnitXMLReporter -->
<testsuite ignored="0" hostname="Pcasa" failures="5" tests="6" name="Test" time="58.131" errors="0" timestamp="2022-09-15T21:54:48 ART">
  <testcase classname="edit.CeducacionIT23082022.laboratorio10" name="login" time="26.702"/>
  <testcase classname="edit.CeducacionIT23082022.laboratorio10" name="login" time="4.063">
    <failure type="java.lang.AssertionError" message="expected [http://automationpractice.com/index.php?controller=authentication] but found [http://automationpractice.com/index.php?controller=my-account]">
      <![CDATA[java.lang.AssertionError: expected [http://automationpractice.com/index.php?controller=authentication] but found [http://automationpractice.com/index.php?controller=my-account]
at edit.CeducacionIT23082022.laboratorio10.login(laboratorio10.java:54)
at java.base/java.util.ArrayList.forEach(ArrayList.java:1511)
... Removed 31 stack frames]]>
    </failure>
  </testcase> <!-- login -->
  <testcase classname="edit.CeducacionIT23082022.laboratorio10" name="login" time="4.647">
    <failure type="java.lang.AssertionError" message="expected [http://automationpractice.com/index.php?controller=authentication] but found [http://automationpractice.com/index.php?controller=my-account]">
      <![CDATA[java.lang.AssertionError: expected [http://automationpractice.com/index.php?controller=authentication] but found [http://automationpractice.com/index.php?controller=my-account]
at edit.CeducacionIT23082022.laboratorio10.login(laboratorio10.java:54)
at java.base/java.util.ArrayList.forEach(ArrayList.java:1511)
... Removed 31 stack frames]]>
    </failure>
  </testcase> <!-- login -->
  <testcase classname="edit.CeducacionIT23082022.laboratorio10" name="login" time="7.455">
    <failure type="java.lang.AssertionError" message="expected [http://automationpractice.com/index.php?controller=authentication] but found [http://automationpractice.com/index.php?controller=my-account]">
      <![CDATA[java.lang.AssertionError: expected [http://automationpractice.com/index.php?controller=authentication] but found [http://automationpractice.com/index.php?controller=my-account]
at edit.CeducacionIT23082022.laboratorio10.login(laboratorio10.java:54)
at java.base/java.util.ArrayList.forEach(ArrayList.java:1511)
... Removed 31 stack frames]]>
    </failure>
  </testcase> <!-- login -->
  <testcase classname="edit.CeducacionIT23082022.laboratorio10" name="login" time="7.542">
    <failure type="java.lang.AssertionError" message="expected [http://automationpractice.com/index.php?controller=authentication] but found [http://automationpractice.com/index.php?controller=my-account]">
      <![CDATA[java.lang.AssertionError: expected [http://automationpractice.com/index.php?controller=authentication] but found [http://automationpractice.com/index.php?controller=my-account]
at edit.CeducacionIT23082022.laboratorio10.login(laboratorio10.java:54)
at java.base/java.util.ArrayList.forEach(ArrayList.java:1511)
... Removed 31 stack frames]]>
    </failure>
  </testcase> <!-- login -->
  <testcase classname="edit.CeducacionIT23082022.laboratorio10" name="login" time="7.26">
    <failure type="java.lang.AssertionError" message="expected [http://automationpractice.com/index.php?controller=authentication] but found [http://automationpractice.com/index.php?controller=my-account]">
      <![CDATA[java.lang.AssertionError: expected [http://automationpractice.com/index.php?controller=authentication] but found [http://automationpractice.com/index.php?controller=my-account]
at edit.CeducacionIT23082022.laboratorio10.login(laboratorio10.java:54)
at java.base/java.util.ArrayList.forEach(ArrayList.java:1511)
... Removed 31 stack frames]]>
    </failure>
  </testcase> <!-- login -->
</testsuite> <!-- Test -->
